2020-08-24 20:03:43,276 INFO PERFORMANCE:|0|0|-1|-1

2020-08-24 20:08:43,280 INFO PERFORMANCE:|0|0|-1|-1

2020-08-24 20:13:43,282 INFO PERFORMANCE:|0|0|-1|-1

2020-08-24 20:18:43,282 INFO PERFORMANCE:|0|0|-1|-1

2020-08-24 20:23:43,283 INFO PERFORMANCE:|0|0|-1|-1

2020-08-24 20:28:43,285 INFO PERFORMANCE:|0|0|-1|-1

2020-08-24 20:33:43,286 INFO PERFORMANCE:|0|0|-1|-1

2020-08-24 20:38:43,287 INFO PERFORMANCE:|0|0|-1|-1

2020-08-24 20:43:43,288 INFO PERFORMANCE:|0|0|-1|-1

2020-08-24 20:48:43,290 INFO PERFORMANCE:|0|0|-1|-1

2020-08-24 20:53:43,291 INFO PERFORMANCE:|0|0|-1|-1

2020-08-24 20:58:43,292 INFO PERFORMANCE:|0|0|-1|-1

2020-08-24 21:03:43,294 INFO PERFORMANCE:|1|1|-1|-1

2020-08-24 21:08:43,296 INFO PERFORMANCE:|1|1|-1|-1

2020-08-24 21:13:43,297 INFO PERFORMANCE:|1|1|-1|-1

2020-08-24 21:18:43,299 INFO PERFORMANCE:|1|1|-1|-1

2020-08-24 21:23:43,299 INFO PERFORMANCE:|1|1|-1|-1

2020-08-24 21:28:43,301 INFO PERFORMANCE:|1|1|-1|-1

2020-08-24 21:33:43,302 INFO PERFORMANCE:|1|1|-1|-1

2020-08-24 21:38:43,303 INFO PERFORMANCE:|1|0|-1|-1

2020-08-24 21:43:43,305 INFO PERFORMANCE:|1|1|-1|-1

2020-08-24 21:48:43,306 INFO PERFORMANCE:|1|1|-1|-1

2020-08-24 21:53:43,307 INFO PERFORMANCE:|1|1|-1|-1

2020-08-24 21:58:43,314 INFO PERFORMANCE:|1|1|-1|-1

2020-08-24 22:03:43,315 INFO PERFORMANCE:|2|2|-1|-1

2020-08-24 22:08:43,316 INFO PERFORMANCE:|2|2|-1|-1

2020-08-24 22:13:43,317 INFO PERFORMANCE:|2|2|-1|-1

2020-08-24 22:18:43,318 INFO PERFORMANCE:|2|2|-1|-1

2020-08-24 22:23:43,320 INFO PERFORMANCE:|2|2|-1|-1

2020-08-24 22:28:43,321 INFO PERFORMANCE:|2|2|-1|-1

2020-08-24 22:33:43,322 INFO PERFORMANCE:|2|1|-1|-1

2020-08-24 22:38:43,324 INFO PERFORMANCE:|2|2|-1|-1

